{"meta": {"format": 3, "version": "7.13.4", "timestamp": "2026-03-03T01:19:31.622896", "branch_coverage": true, "show_contexts": false}, "files": {"src/orca_lsp/__init__.py": {"executed_lines": [2], "summary": {"covered_lines": 1, "num_statements": 1, "percent_covered": 100.0, "percent_covered_display": "100", "missing_lines": 0, "excluded_lines": 0, "percent_statements_covered": 100.0, "percent_statements_covered_display": "100", "num_branches": 0, "num_partial_branches": 0, "covered_branches": 0, "missing_branches": 0, "percent_branches_covered": 100.0, "percent_branches_covered_display": "100"}, "missing_lines": [], "excluded_lines": [], "executed_branches": [], "missing_branches": [], "functions": {"": {"executed_lines": [2], "summary": {"covered_lines": 1, "num_statements": 1, "percent_covered": 100.0, "percent_covered_display": "100", "missing_lines": 0, "excluded_lines": 0, "percent_statements_covered": 100.0, "percent_statements_covered_display": "100", "num_branches": 0, "num_partial_branches": 0, "covered_branches": 0, "missing_branches": 0, "percent_branches_covered": 100.0, "percent_branches_covered_display": "100"}, "missing_lines": [], "excluded_lines": [], "start_line": 1, "executed_branches": [], "missing_branches": []}}, "classes": {"": {"executed_lines": [2], "summary": {"covered_lines": 1, "num_statements": 1, "percent_covered": 100.0, "percent_covered_display": "100", "missing_lines": 0, "excluded_lines": 0, "percent_statements_covered": 100.0, "percent_statements_covered_display": "100", "num_branches": 0, "num_partial_branches": 0, "covered_branches": 0, "missing_branches": 0, "percent_branches_covered": 100.0, "percent_branches_covered_display": "100"}, "missing_lines": [], "excluded_lines": [], "start_line": 1, "executed_branches": [], "missing_branches": []}}}, "src/orca_lsp/keywords.py": {"executed_lines": [4, 32, 52, 92, 106, 123, 131, 144], "summary": {"covered_lines": 8, "num_statements": 8, "percent_covered": 100.0, "percent_covered_display": "100", "missing_lines": 0, "excluded_lines": 0, "percent_statements_covered": 100.0, "percent_statements_covered_display": "100", "num_branches": 0, "num_partial_branches": 0, "covered_branches": 0, "missing_branches": 0, "percent_branches_covered": 100.0, "percent_branches_covered_display": "100"}, "missing_lines": [], "excluded_lines": [], "executed_branches": [], "missing_branches": [], "functions": {"": {"executed_lines": [4, 32, 52, 92, 106, 123, 131, 144], "summary": {"covered_lines": 8, "num_statements": 8, "percent_covered": 100.0, "percent_covered_display": "100", "missing_lines": 0, "excluded_lines": 0, "percent_statements_covered": 100.0, "percent_statements_covered_display": "100", "num_branches": 0, "num_partial_branches": 0, "covered_branches": 0, "missing_branches": 0, "percent_branches_covered": 100.0, "percent_branches_covered_display": "100"}, "missing_lines": [], "excluded_lines": [], "start_line": 1, "executed_branches": [], "missing_branches": []}}, "classes": {"": {"executed_lines": [4, 32, 52, 92, 106, 123, 131, 144], "summary": {"covered_lines": 8, "num_statements": 8, "percent_covered": 100.0, "percent_covered_display": "100", "missing_lines": 0, "excluded_lines": 0, "percent_statements_covered": 100.0, "percent_statements_covered_display": "100", "num_branches": 0, "num_partial_branches": 0, "covered_branches": 0, "missing_branches": 0, "percent_branches_covered": 100.0, "percent_branches_covered_display": "100"}, "missing_lines": [], "excluded_lines": [], "start_line": 1, "executed_branches": [], "missing_branches": []}}}, "src/orca_lsp/parser.py": {"executed_lines": [3, 4, 5, 6, 15, 16, 18, 19, 20, 21, 22, 23, 25, 27, 30, 31, 33, 34, 35, 36, 37, 39, 41, 44, 45, 47, 48, 49, 50, 51, 53, 55, 58, 59, 61, 62, 63, 64, 65, 66, 68, 70, 73, 74, 76, 77, 78, 79, 80, 83, 86, 87, 88, 89, 90, 91, 93, 95, 96, 98, 99, 100, 101, 104, 105, 106, 109, 110, 111, 112, 115, 116, 117, 118, 119, 120, 123, 124, 125, 126, 127, 128, 130, 133, 135, 137, 139, 142, 143, 145, 146, 148, 149, 150, 151, 152, 153, 154, 155, 158, 160, 161, 162, 163, 164, 165, 166, 167, 168, 169, 175, 177, 179, 181, 183, 186, 187, 188, 190, 193, 194, 195, 197, 198, 202, 203, 204, 206, 207, 208, 209, 210, 211, 212, 215, 216, 218, 219, 220, 222, 223, 224, 225, 226, 229, 230, 232, 235, 237, 239, 241, 243, 245, 246, 247, 248, 249, 250, 251, 253, 255, 256, 257, 258, 259, 261, 263, 264, 265, 266, 267, 268, 269, 270, 272, 274, 275, 276, 277, 278, 279, 281, 283, 285, 289, 291, 292, 295, 298, 299, 300, 301, 302, 303, 306, 307, 308, 311, 312, 313, 316, 317, 318, 319, 326, 327, 328, 330, 332, 334, 337, 338, 345, 346, 353, 354, 361, 362, 369, 370, 371, 378, 379, 380], "summary": {"covered_lines": 224, "num_statements": 228, "percent_covered": 96.13095238095238, "percent_covered_display": "96", "missing_lines": 4, "excluded_lines": 0, "percent_statements_covered": 98.24561403508773, "percent_statements_covered_display": "98", "num_branches": 108, "num_partial_branches": 5, "covered_branches": 99, "missing_branches": 9, "percent_branches_covered": 91.66666666666667, "percent_branches_covered_display": "92"}, "missing_lines": [170, 171, 172, 173], "excluded_lines": [], "executed_branches": [[99, 100], [99, 133], [104, 105], [104, 109], [109, 110], [109, 115], [115, 116], [115, 123], [117, 118], [117, 119], [123, 124], [123, 130], [125, 126], [125, 127], [145, 146], [145, 177], [148, 149], [148, 150], [150, 151], [150, 152], [152, 153], [152, 154], [154, 155], [154, 158], [158, 160], [158, 164], [160, 161], [161, 160], [161, 162], [164, 165], [164, 169], [165, 166], [166, 165], [166, 167], [169, 175], [187, 188], [187, 190], [193, 194], [193, 202], [203, 204], [203, 215], [218, 219], [218, 229], [223, 224], [223, 226], [243, 245], [243, 253], [245, -239], [245, 246], [247, 245], [247, 248], [253, 255], [253, 261], [255, -239], [255, 256], [256, 255], [256, 257], [258, 259], [261, 263], [261, 272], [263, -239], [263, 264], [265, 266], [265, 267], [267, 268], [267, 269], [269, 263], [269, 270], [272, -239], [272, 274], [274, -239], [274, 275], [276, 274], [276, 277], [278, 279], [291, 292], [291, 295], [298, 299], [298, 306], [307, 308], [307, 332], [311, 312], [311, 316], [317, 318], [317, 330], [337, 338], [337, 345], [345, 346], [345, 353], [353, 354], [353, 361], [361, 362], [361, 369], [369, 370], [369, 378], [370, 369], [370, 371], [379, -334], [379, 380]], "missing_branches": [[160, 145], [165, 145], [169, 170], [170, 145], [170, 171], [171, 170], [171, 172], [258, 255], [278, 274]], "functions": {"SimpleInput.is_valid": {"executed_lines": [27], "summary": {"covered_lines": 1, "num_statements": 1, "percent_covered": 100.0, "percent_covered_display": "100", "missing_lines": 0, "excluded_lines": 0, "percent_statements_covered": 100.0, "percent_statements_covered_display": "100", "num_branches": 0, "num_partial_branches": 0, "covered_branches": 0, "missing_branches": 0, "percent_branches_covered": 100.0, "percent_branches_covered_display": "100"}, "missing_lines": [], "excluded_lines": [], "start_line": 25, "executed_branches": [], "missing_branches": []}, "PercentBlock.is_valid": {"executed_lines": [41], "summary": {"covered_lines": 1, "num_statements": 1, "percent_covered": 100.0, "percent_covered_display": "100", "missing_lines": 0, "excluded_lines": 0, "percent_statements_covered": 100.0, "percent_statements_covered_display": "100", "num_branches": 0, "num_partial_branches": 0, "covered_branches": 0, "missing_branches": 0, "percent_branches_covered": 100.0, "percent_branches_covered_display": "100"}, "missing_lines": [], "excluded_lines": [], "start_line": 39, "executed_branches": [], "missing_branches": []}, "Atom.is_valid": {"executed_lines": [55], "summary": {"covered_lines": 1, "num_statements": 1, "percent_covered": 100.0, "percent_covered_display": "100", "missing_lines": 0, "excluded_lines": 0, "percent_statements_covered": 100.0, "percent_statements_covered_display": "100", "num_branches": 0, "num_partial_branches": 0, "covered_branches": 0, "missing_branches": 0, "percent_branches_covered": 100.0, "percent_branches_covered_display": "100"}, "missing_lines": [], "excluded_lines": [], "start_line": 53, "executed_branches": [], "missing_branches": []}, "Geometry.is_valid": {"executed_lines": [70], "summary": {"covered_lines": 1, "num_statements": 1, "percent_covered": 100.0, "percent_covered_display": "100", "missing_lines": 0, "excluded_lines": 0, "percent_statements_covered": 100.0, "percent_statements_covered_display": "100", "num_branches": 0, "num_partial_branches": 0, "covered_branches": 0, "missing_branches": 0, "percent_branches_covered": 100.0, "percent_branches_covered_display": "100"}, "missing_lines": [], "excluded_lines": [], "start_line": 68, "executed_branches": [], "missing_branches": []}, "ORCAParser.__init__": {"executed_lines": [87, 88, 89, 90, 91], "summary": {"covered_lines": 5, "num_statements": 5, "percent_covered": 100.0, "percent_covered_display": "100", "missing_lines": 0, "excluded_lines": 0, "percent_statements_covered": 100.0, "percent_statements_covered_display": "100", "num_branches": 0, "num_partial_branches": 0, "covered_branches": 0, "missing_branches": 0, "percent_branches_covered": 100.0, "percent_branches_covered_display": "100"}, "missing_lines": [], "excluded_lines": [], "start_line": 86, "executed_branches": [], "missing_branches": []}, "ORCAParser.parse": {"executed_lines": [95, 96, 98, 99, 100, 101, 104, 105, 106, 109, 110, 111, 112, 115, 116, 117, 118, 119, 120, 123, 124, 125, 126, 127, 128, 130, 133, 135], "summary": {"covered_lines": 28, "num_statements": 28, "percent_covered": 100.0, "percent_covered_display": "100", "missing_lines": 0, "excluded_lines": 0, "percent_statements_covered": 100.0, "percent_statements_covered_display": "100", "num_branches": 14, "num_partial_branches": 0, "covered_branches": 14, "missing_branches": 0, "percent_branches_covered": 100.0, "percent_branches_covered_display": "100"}, "missing_lines": [], "excluded_lines": [], "start_line": 93, "executed_branches": [[99, 100], [99, 133], [104, 105], [104, 109], [109, 110], [109, 115], [115, 116], [115, 123], [117, 118], [117, 119], [123, 124], [123, 130], [125, 126], [125, 127]], "missing_branches": []}, "ORCAParser.parse_simple_input": {"executed_lines": [139, 142, 143, 145, 146, 148, 149, 150, 151, 152, 153, 154, 155, 158, 160, 161, 162, 163, 164, 165, 166, 167, 168, 169, 175, 177], "summary": {"covered_lines": 26, "num_statements": 30, "percent_covered": 81.03448275862068, "percent_covered_display": "81", "missing_lines": 4, "excluded_lines": 0, "percent_statements_covered": 86.66666666666667, "percent_statements_covered_display": "87", "num_branches": 28, "num_partial_branches": 3, "covered_branches": 21, "missing_branches": 7, "percent_branches_covered": 75.0, "percent_branches_covered_display": "75"}, "missing_lines": [170, 171, 172, 173], "excluded_lines": [], "start_line": 137, "executed_branches": [[145, 146], [145, 177], [148, 149], [148, 150], [150, 151], [150, 152], [152, 153], [152, 154], [154, 155], [154, 158], [158, 160], [158, 164], [160, 161], [161, 160], [161, 162], [164, 165], [164, 169], [165, 166], [166, 165], [166, 167], [169, 175]], "missing_branches": [[160, 145], [165, 145], [169, 170], [170, 145], [170, 171], [171, 170], [171, 172]]}, "ORCAParser.parse_percent_block": {"executed_lines": [181, 183, 186, 187, 188, 190, 193, 194, 195, 197, 198, 202, 203, 204, 206, 207, 208, 209, 210, 211, 212, 215, 216, 218, 219, 220, 222, 223, 224, 225, 226, 229, 230, 232, 235, 237], "summary": {"covered_lines": 36, "num_statements": 36, "percent_covered": 100.0, "percent_covered_display": "100", "missing_lines": 0, "excluded_lines": 0, "percent_statements_covered": 100.0, "percent_statements_covered_display": "100", "num_branches": 10, "num_partial_branches": 0, "covered_branches": 10, "missing_branches": 0, "percent_branches_covered": 100.0, "percent_branches_covered_display": "100"}, "missing_lines": [], "excluded_lines": [], "start_line": 179, "executed_branches": [[187, 188], [187, 190], [193, 194], [193, 202], [203, 204], [203, 215], [218, 219], [218, 229], [223, 224], [223, 226]], "missing_branches": []}, "ORCAParser._parse_block_parameters": {"executed_lines": [241, 243, 245, 246, 247, 248, 249, 250, 251, 253, 255, 256, 257, 258, 259, 261, 263, 264, 265, 266, 267, 268, 269, 270, 272, 274, 275, 276, 277, 278, 279], "summary": {"covered_lines": 31, "num_statements": 31, "percent_covered": 96.82539682539682, "percent_covered_display": "97", "missing_lines": 0, "excluded_lines": 0, "percent_statements_covered": 100.0, "percent_statements_covered_display": "100", "num_branches": 32, "num_partial_branches": 2, "covered_branches": 30, "missing_branches": 2, "percent_branches_covered": 93.75, "percent_branches_covered_display": "94"}, "missing_lines": [], "excluded_lines": [], "start_line": 239, "executed_branches": [[243, 245], [243, 253], [245, -239], [245, 246], [247, 245], [247, 248], [253, 255], [253, 261], [255, -239], [255, 256], [256, 255], [256, 257], [258, 259], [261, 263], [261, 272], [263, -239], [263, 264], [265, 266], [265, 267], [267, 268], [267, 269], [269, 263], [269, 270], [272, -239], [272, 274], [274, -239], [274, 275], [276, 274], [276, 277], [278, 279]], "missing_branches": [[258, 255], [278, 274]]}, "ORCAParser.parse_geometry": {"executed_lines": [283, 285, 289, 291, 292, 295, 298, 299, 300, 301, 302, 303, 306, 307, 308, 311, 312, 313, 316, 317, 318, 319, 326, 327, 328, 330, 332], "summary": {"covered_lines": 27, "num_statements": 27, "percent_covered": 100.0, "percent_covered_display": "100", "missing_lines": 0, "excluded_lines": 0, "percent_statements_covered": 100.0, "percent_statements_covered_display": "100", "num_branches": 10, "num_partial_branches": 0, "covered_branches": 10, "missing_branches": 0, "percent_branches_covered": 100.0, "percent_branches_covered_display": "100"}, "missing_lines": [], "excluded_lines": [], "start_line": 281, "executed_branches": [[291, 292], [291, 295], [298, 299], [298, 306], [307, 308], [307, 332], [311, 312], [311, 316], [317, 318], [317, 330]], "missing_branches": []}, "ORCAParser._run_diagnostics": {"executed_lines": [337, 338, 345, 346, 353, 354, 361, 362, 369, 370, 371, 378, 379, 380], "summary": {"covered_lines": 14, "num_statements": 14, "percent_covered": 100.0, "percent_covered_display": "100", "missing_lines": 0, "excluded_lines": 0, "percent_statements_covered": 100.0, "percent_statements_covered_display": "100", "num_branches": 14, "num_partial_branches": 0, "covered_branches": 14, "missing_branches": 0, "percent_branches_covered": 100.0, "percent_branches_covered_display": "100"}, "missing_lines": [], "excluded_lines": [], "start_line": 334, "executed_branches": [[337, 338], [337, 345], [345, 346], [345, 353], [353, 354], [353, 361], [361, 362], [361, 369], [369, 370], [369, 378], [370, 369], [370, 371], [379, -334], [379, 380]], "missing_branches": []}, "": {"executed_lines": [3, 4, 5, 6, 15, 16, 18, 19, 20, 21, 22, 23, 25, 30, 31, 33, 34, 35, 36, 37, 39, 44, 45, 47, 48, 49, 50, 51, 53, 58, 59, 61, 62, 63, 64, 65, 66, 68, 73, 74, 76, 77, 78, 79, 80, 83, 86, 93, 137, 179, 239, 281, 334], "summary": {"covered_lines": 53, "num_statements": 53, "percent_covered": 100.0, "percent_covered_display": "100", "missing_lines": 0, "excluded_lines": 0, "percent_statements_covered": 100.0, "percent_statements_covered_display": "100", "num_branches": 0, "num_partial_branches": 0, "covered_branches": 0, "missing_branches": 0, "percent_branches_covered": 100.0, "percent_branches_covered_display": "100"}, "missing_lines": [], "excluded_lines": [], "start_line": 1, "executed_branches": [], "missing_branches": []}}, "classes": {"SimpleInput": {"executed_lines": [27], "summary": {"covered_lines": 1, "num_statements": 1, "percent_covered": 100.0, "percent_covered_display": "100", "missing_lines": 0, "excluded_lines": 0, "percent_statements_covered": 100.0, "percent_statements_covered_display": "100", "num_branches": 0, "num_partial_branches": 0, "covered_branches": 0, "missing_branches": 0, "percent_branches_covered": 100.0, "percent_branches_covered_display": "100"}, "missing_lines": [], "excluded_lines": [], "start_line": 16, "executed_branches": [], "missing_branches": []}, "PercentBlock": {"executed_lines": [41], "summary": {"covered_lines": 1, "num_statements": 1, "percent_covered": 100.0, "percent_covered_display": "100", "missing_lines": 0, "excluded_lines": 0, "percent_statements_covered": 100.0, "percent_statements_covered_display": "100", "num_branches": 0, "num_partial_branches": 0, "covered_branches": 0, "missing_branches": 0, "percent_branches_covered": 100.0, "percent_branches_covered_display": "100"}, "missing_lines": [], "excluded_lines": [], "start_line": 31, "executed_branches": [], "missing_branches": []}, "Atom": {"executed_lines": [55], "summary": {"covered_lines": 1, "num_statements": 1, "percent_covered": 100.0, "percent_covered_display": "100", "missing_lines": 0, "excluded_lines": 0, "percent_statements_covered": 100.0, "percent_statements_covered_display": "100", "num_branches": 0, "num_partial_branches": 0, "covered_branches": 0, "missing_branches": 0, "percent_branches_covered": 100.0, "percent_branches_covered_display": "100"}, "missing_lines": [], "excluded_lines": [], "start_line": 45, "executed_branches": [], "missing_branches": []}, "Geometry": {"executed_lines": [70], "summary": {"covered_lines": 1, "num_statements": 1, "percent_covered": 100.0, "percent_covered_display": "100", "missing_lines": 0, "excluded_lines": 0, "percent_statements_covered": 100.0, "percent_statements_covered_display": "100", "num_branches": 0, "num_partial_branches": 0, "covered_branches": 0, "missing_branches": 0, "percent_branches_covered": 100.0, "percent_branches_covered_display": "100"}, "missing_lines": [], "excluded_lines": [], "start_line": 59, "executed_branches": [], "missing_branches": []}, "ParseResult": {"executed_lines": [], "summary": {"covered_lines": 0, "num_statements": 0, "percent_covered": 100.0, "percent_covered_display": "100", "missing_lines": 0, "excluded_lines": 0, "percent_statements_covered": 100.0, "percent_statements_covered_display": "100", "num_branches": 0, "num_partial_branches": 0, "covered_branches": 0, "missing_branches": 0, "percent_branches_covered": 100.0, "percent_branches_covered_display": "100"}, "missing_lines": [], "excluded_lines": [], "start_line": 74, "executed_branches": [], "missing_branches": []}, "ORCAParser": {"executed_lines": [87, 88, 89, 90, 91, 95, 96, 98, 99, 100, 101, 104, 105, 106, 109, 110, 111, 112, 115, 116, 117, 118, 119, 120, 123, 124, 125, 126, 127, 128, 130, 133, 135, 139, 142, 143, 145, 146, 148, 149, 150, 151, 152, 153, 154, 155, 158, 160, 161, 162, 163, 164, 165, 166, 167, 168, 169, 175, 177, 181, 183, 186, 187, 188, 190, 193, 194, 195, 197, 198, 202, 203, 204, 206, 207, 208, 209, 210, 211, 212, 215, 216, 218, 219, 220, 222, 223, 224, 225, 226, 229, 230, 232, 235, 237, 241, 243, 245, 246, 247, 248, 249, 250, 251, 253, 255, 256, 257, 258, 259, 261, 263, 264, 265, 266, 267, 268, 269, 270, 272, 274, 275, 276, 277, 278, 279, 283, 285, 289, 291, 292, 295, 298, 299, 300, 301, 302, 303, 306, 307, 308, 311, 312, 313, 316, 317, 318, 319, 326, 327, 328, 330, 332, 337, 338, 345, 346, 353, 354, 361, 362, 369, 370, 371, 378, 379, 380], "summary": {"covered_lines": 167, "num_statements": 171, "percent_covered": 95.3405017921147, "percent_covered_display": "95", "missing_lines": 4, "excluded_lines": 0, "percent_statements_covered": 97.6608187134503, "percent_statements_covered_display": "98", "num_branches": 108, "num_partial_branches": 5, "covered_branches": 99, "missing_branches": 9, "percent_branches_covered": 91.66666666666667, "percent_branches_covered_display": "92"}, "missing_lines": [170, 171, 172, 173], "excluded_lines": [], "start_line": 83, "executed_branches": [[99, 100], [99, 133], [104, 105], [104, 109], [109, 110], [109, 115], [115, 116], [115, 123], [117, 118], [117, 119], [123, 124], [123, 130], [125, 126], [125, 127], [145, 146], [145, 177], [148, 149], [148, 150], [150, 151], [150, 152], [152, 153], [152, 154], [154, 155], [154, 158], [158, 160], [158, 164], [160, 161], [161, 160], [161, 162], [164, 165], [164, 169], [165, 166], [166, 165], [166, 167], [169, 175], [187, 188], [187, 190], [193, 194], [193, 202], [203, 204], [203, 215], [218, 219], [218, 229], [223, 224], [223, 226], [243, 245], [243, 253], [245, -239], [245, 246], [247, 245], [247, 248], [253, 255], [253, 261], [255, -239], [255, 256], [256, 255], [256, 257], [258, 259], [261, 263], [261, 272], [263, -239], [263, 264], [265, 266], [265, 267], [267, 268], [267, 269], [269, 263], [269, 270], [272, -239], [272, 274], [274, -239], [274, 275], [276, 274], [276, 277], [278, 279], [291, 292], [291, 295], [298, 299], [298, 306], [307, 308], [307, 332], [311, 312], [311, 316], [317, 318], [317, 330], [337, 338], [337, 345], [345, 346], [345, 353], [353, 354], [353, 361], [361, 362], [361, 369], [369, 370], [369, 378], [370, 369], [370, 371], [379, -334], [379, 380]], "missing_branches": [[160, 145], [165, 145], [169, 170], [170, 145], [170, 171], [171, 170], [171, 172], [258, 255], [278, 274]]}, "": {"executed_lines": [3, 4, 5, 6, 15, 16, 18, 19, 20, 21, 22, 23, 25, 30, 31, 33, 34, 35, 36, 37, 39, 44, 45, 47, 48, 49, 50, 51, 53, 58, 59, 61, 62, 63, 64, 65, 66, 68, 73, 74, 76, 77, 78, 79, 80, 83, 86, 93, 137, 179, 239, 281, 334], "summary": {"covered_lines": 53, "num_statements": 53, "percent_covered": 100.0, "percent_covered_display": "100", "missing_lines": 0, "excluded_lines": 0, "percent_statements_covered": 100.0, "percent_statements_covered_display": "100", "num_branches": 0, "num_partial_branches": 0, "covered_branches": 0, "missing_branches": 0, "percent_branches_covered": 100.0, "percent_branches_covered_display": "100"}, "missing_lines": [], "excluded_lines": [], "start_line": 1, "executed_branches": [], "missing_branches": []}}}, "src/orca_lsp/server.py": {"executed_lines": [3, 4, 6, 7, 29, 30, 40, 43, 44, 45, 46, 48, 50, 51, 54, 55, 58, 59, 62, 63, 66, 67, 70, 72, 73, 76, 78, 83, 85, 87, 90, 91, 94, 95, 96, 97, 100, 101, 103, 105, 107, 110, 111, 112, 113, 122, 123, 124, 126, 128, 130, 132, 133, 134, 140, 141, 147, 148, 149, 155, 156, 157, 163, 165, 167, 170, 171, 179, 180, 187, 189, 191, 193, 194, 201, 203, 205, 207, 208, 215, 217, 219, 221, 222, 228, 230, 233, 235, 237, 238, 241, 242, 243, 246, 249, 250, 251, 256, 257, 258, 264, 272, 273, 274, 279, 281, 283, 286, 287, 288, 290, 291, 292, 294, 296, 298, 299, 302, 305, 307, 308, 318, 319, 330, 332, 334, 335, 338, 340, 341, 358, 360, 362, 364, 366, 368, 371, 373, 374], "summary": {"covered_lines": 139, "num_statements": 146, "percent_covered": 96.11650485436893, "percent_covered_display": "96", "missing_lines": 7, "excluded_lines": 2, "percent_statements_covered": 95.20547945205479, "percent_statements_covered_display": "95", "num_branches": 60, "num_partial_branches": 1, "covered_branches": 59, "missing_branches": 1, "percent_branches_covered": 98.33333333333333, "percent_branches_covered_display": "98"}, "missing_lines": [52, 56, 60, 64, 68, 265, 266], "excluded_lines": [377, 378], "executed_branches": [[90, 91], [90, 94], [94, 95], [94, 100], [100, 101], [100, 103], [111, 112], [111, 122], [112, 113], [112, 122], [122, 123], [122, 126], [123, 122], [123, 124], [132, 133], [132, 140], [133, 134], [133, 163], [140, 141], [140, 147], [147, 148], [147, 155], [148, 149], [148, 163], [155, 156], [155, 163], [156, 157], [156, 163], [170, 171], [170, 179], [179, 180], [179, 187], [193, 194], [193, 201], [207, 208], [207, 215], [221, 222], [221, 228], [242, 243], [242, 246], [249, 250], [249, 256], [256, 257], [256, 264], [264, 272], [272, 273], [272, 279], [287, 288], [287, 290], [291, 292], [291, 294], [307, 308], [307, 318], [318, 319], [318, 330], [338, 340], [338, 360], [340, 338], [340, 341]], "missing_branches": [[264, 265]], "functions": {"ORCALanguageServer.__init__": {"executed_lines": [44, 45, 46], "summary": {"covered_lines": 3, "num_statements": 3, "percent_covered": 100.0, "percent_covered_display": "100", "missing_lines": 0, "excluded_lines": 0, "percent_statements_covered": 100.0, "percent_statements_covered_display": "100", "num_branches": 0, "num_partial_branches": 0, "covered_branches": 0, "missing_branches": 0, "percent_branches_covered": 100.0, "percent_branches_covered_display": "100"}, "missing_lines": [], "excluded_lines": [], "start_line": 43, "executed_branches": [], "missing_branches": []}, "ORCALanguageServer._setup_features": {"executed_lines": [50, 51, 54, 55, 58, 59, 62, 63, 66, 67], "summary": {"covered_lines": 10, "num_statements": 10, "percent_covered": 100.0, "percent_covered_display": "100", "missing_lines": 0, "excluded_lines": 0, "percent_statements_covered": 100.0, "percent_statements_covered_display": "100", "num_branches": 0, "num_partial_branches": 0, "covered_branches": 0, "missing_branches": 0, "percent_branches_covered": 100.0, "percent_branches_covered_display": "100"}, "missing_lines": [], "excluded_lines": [], "start_line": 48, "executed_branches": [], "missing_branches": []}, "ORCALanguageServer._setup_features.on_completion": {"executed_lines": [], "summary": {"covered_lines": 0, "num_statements": 1, "percent_covered": 0.0, "percent_covered_display": "0", "missing_lines": 1, "excluded_lines": 0, "percent_statements_covered": 0.0, "percent_statements_covered_display": "0", "num_branches": 0, "num_partial_branches": 0, "covered_branches": 0, "missing_branches": 0, "percent_branches_covered": 100.0, "percent_branches_covered_display": "100"}, "missing_lines": [52], "excluded_lines": [], "start_line": 51, "executed_branches": [], "missing_branches": []}, "ORCALanguageServer._setup_features.on_hover": {"executed_lines": [], "summary": {"covered_lines": 0, "num_statements": 1, "percent_covered": 0.0, "percent_covered_display": "0", "missing_lines": 1, "excluded_lines": 0, "percent_statements_covered": 0.0, "percent_statements_covered_display": "0", "num_branches": 0, "num_partial_branches": 0, "covered_branches": 0, "missing_branches": 0, "percent_branches_covered": 100.0, "percent_branches_covered_display": "100"}, "missing_lines": [56], "excluded_lines": [], "start_line": 55, "executed_branches": [], "missing_branches": []}, "ORCALanguageServer._setup_features.on_code_action": {"executed_lines": [], "summary": {"covered_lines": 0, "num_statements": 1, "percent_covered": 0.0, "percent_covered_display": "0", "missing_lines": 1, "excluded_lines": 0, "percent_statements_covered": 0.0, "percent_statements_covered_display": "0", "num_branches": 0, "num_partial_branches": 0, "covered_branches": 0, "missing_branches": 0, "percent_branches_covered": 100.0, "percent_branches_covered_display": "100"}, "missing_lines": [60], "excluded_lines": [], "start_line": 59, "executed_branches": [], "missing_branches": []}, "ORCALanguageServer._setup_features.on_did_open": {"executed_lines": [], "summary": {"covered_lines": 0, "num_statements": 1, "percent_covered": 0.0, "percent_covered_display": "0", "missing_lines": 1, "excluded_lines": 0, "percent_statements_covered": 0.0, "percent_statements_covered_display": "0", "num_branches": 0, "num_partial_branches": 0, "covered_branches": 0, "missing_branches": 0, "percent_branches_covered": 100.0, "percent_branches_covered_display": "100"}, "missing_lines": [64], "excluded_lines": [], "start_line": 63, "executed_branches": [], "missing_branches": []}, "ORCALanguageServer._setup_features.on_did_change": {"executed_lines": [], "summary": {"covered_lines": 0, "num_statements": 1, "percent_covered": 0.0, "percent_covered_display": "0", "missing_lines": 1, "excluded_lines": 0, "percent_statements_covered": 0.0, "percent_statements_covered_display": "0", "num_branches": 0, "num_partial_branches": 0, "covered_branches": 0, "missing_branches": 0, "percent_branches_covered": 100.0, "percent_branches_covered_display": "100"}, "missing_lines": [68], "excluded_lines": [], "start_line": 67, "executed_branches": [], "missing_branches": []}, "ORCALanguageServer._on_completion": {"executed_lines": [72, 73, 76, 78], "summary": {"covered_lines": 4, "num_statements": 4, "percent_covered": 100.0, "percent_covered_display": "100", "missing_lines": 0, "excluded_lines": 0, "percent_statements_covered": 100.0, "percent_statements_covered_display": "100", "num_branches": 0, "num_partial_branches": 0, "covered_branches": 0, "missing_branches": 0, "percent_branches_covered": 100.0, "percent_branches_covered_display": "100"}, "missing_lines": [], "excluded_lines": [], "start_line": 70, "executed_branches": [], "missing_branches": []}, "ORCALanguageServer._get_completions": {"executed_lines": [85, 87, 90, 91, 94, 95, 96, 97, 100, 101, 103], "summary": {"covered_lines": 11, "num_statements": 11, "percent_covered": 100.0, "percent_covered_display": "100", "missing_lines": 0, "excluded_lines": 0, "percent_statements_covered": 100.0, "percent_statements_covered_display": "100", "num_branches": 6, "num_partial_branches": 0, "covered_branches": 6, "missing_branches": 0, "percent_branches_covered": 100.0, "percent_branches_covered_display": "100"}, "missing_lines": [], "excluded_lines": [], "start_line": 83, "executed_branches": [[90, 91], [90, 94], [94, 95], [94, 100], [100, 101], [100, 103]], "missing_branches": []}, "ORCALanguageServer._get_percent_completions": {"executed_lines": [107, 110, 111, 112, 113, 122, 123, 124, 126], "summary": {"covered_lines": 9, "num_statements": 9, "percent_covered": 100.0, "percent_covered_display": "100", "missing_lines": 0, "excluded_lines": 0, "percent_statements_covered": 100.0, "percent_statements_covered_display": "100", "num_branches": 8, "num_partial_branches": 0, "covered_branches": 8, "missing_branches": 0, "percent_branches_covered": 100.0, "percent_branches_covered_display": "100"}, "missing_lines": [], "excluded_lines": [], "start_line": 105, "executed_branches": [[111, 112], [111, 122], [112, 113], [112, 122], [122, 123], [122, 126], [123, 122], [123, 124]], "missing_branches": []}, "ORCALanguageServer._get_block_specific_completions": {"executed_lines": [130, 132, 133, 134, 140, 141, 147, 148, 149, 155, 156, 157, 163], "summary": {"covered_lines": 13, "num_statements": 13, "percent_covered": 100.0, "percent_covered_display": "100", "missing_lines": 0, "excluded_lines": 0, "percent_statements_covered": 100.0, "percent_statements_covered_display": "100", "num_branches": 14, "num_partial_branches": 0, "covered_branches": 14, "missing_branches": 0, "percent_branches_covered": 100.0, "percent_branches_covered_display": "100"}, "missing_lines": [], "excluded_lines": [], "start_line": 128, "executed_branches": [[132, 133], [132, 140], [133, 134], [133, 163], [140, 141], [140, 147], [147, 148], [147, 155], [148, 149], [148, 163], [155, 156], [155, 163], [156, 157], [156, 163]], "missing_branches": []}, "ORCALanguageServer._get_method_completions": {"executed_lines": [167, 170, 171, 179, 180, 187], "summary": {"covered_lines": 6, "num_statements": 6, "percent_covered": 100.0, "percent_covered_display": "100", "missing_lines": 0, "excluded_lines": 0, "percent_statements_covered": 100.0, "percent_statements_covered_display": "100", "num_branches": 4, "num_partial_branches": 0, "covered_branches": 4, "missing_branches": 0, "percent_branches_covered": 100.0, "percent_branches_covered_display": "100"}, "missing_lines": [], "excluded_lines": [], "start_line": 165, "executed_branches": [[170, 171], [170, 179], [179, 180], [179, 187]], "missing_branches": []}, "ORCALanguageServer._get_basis_completions": {"executed_lines": [191, 193, 194, 201], "summary": {"covered_lines": 4, "num_statements": 4, "percent_covered": 100.0, "percent_covered_display": "100", "missing_lines": 0, "excluded_lines": 0, "percent_statements_covered": 100.0, "percent_statements_covered_display": "100", "num_branches": 2, "num_partial_branches": 0, "covered_branches": 2, "missing_branches": 0, "percent_branches_covered": 100.0, "percent_branches_covered_display": "100"}, "missing_lines": [], "excluded_lines": [], "start_line": 189, "executed_branches": [[193, 194], [193, 201]], "missing_branches": []}, "ORCALanguageServer._get_job_completions": {"executed_lines": [205, 207, 208, 215], "summary": {"covered_lines": 4, "num_statements": 4, "percent_covered": 100.0, "percent_covered_display": "100", "missing_lines": 0, "excluded_lines": 0, "percent_statements_covered": 100.0, "percent_statements_covered_display": "100", "num_branches": 2, "num_partial_branches": 0, "covered_branches": 2, "missing_branches": 0, "percent_branches_covered": 100.0, "percent_branches_covered_display": "100"}, "missing_lines": [], "excluded_lines": [], "start_line": 203, "executed_branches": [[207, 208], [207, 215]], "missing_branches": []}, "ORCALanguageServer._get_element_completions": {"executed_lines": [219, 221, 222, 228], "summary": {"covered_lines": 4, "num_statements": 4, "percent_covered": 100.0, "percent_covered_display": "100", "missing_lines": 0, "excluded_lines": 0, "percent_statements_covered": 100.0, "percent_statements_covered_display": "100", "num_branches": 2, "num_partial_branches": 0, "covered_branches": 2, "missing_branches": 0, "percent_branches_covered": 100.0, "percent_branches_covered_display": "100"}, "missing_lines": [], "excluded_lines": [], "start_line": 217, "executed_branches": [[221, 222], [221, 228]], "missing_branches": []}, "ORCALanguageServer._in_geometry_section": {"executed_lines": [233], "summary": {"covered_lines": 1, "num_statements": 1, "percent_covered": 100.0, "percent_covered_display": "100", "missing_lines": 0, "excluded_lines": 0, "percent_statements_covered": 100.0, "percent_statements_covered_display": "100", "num_branches": 0, "num_partial_branches": 0, "covered_branches": 0, "missing_branches": 0, "percent_branches_covered": 100.0, "percent_branches_covered_display": "100"}, "missing_lines": [], "excluded_lines": [], "start_line": 230, "executed_branches": [], "missing_branches": []}, "ORCALanguageServer._on_hover": {"executed_lines": [237, 238, 241, 242, 243, 246, 249, 250, 251, 256, 257, 258, 264, 272, 273, 274, 279], "summary": {"covered_lines": 17, "num_statements": 19, "percent_covered": 89.65517241379311, "percent_covered_display": "90", "missing_lines": 2, "excluded_lines": 0, "percent_statements_covered": 89.47368421052632, "percent_statements_covered_display": "89", "num_branches": 10, "num_partial_branches": 1, "covered_branches": 9, "missing_branches": 1, "percent_branches_covered": 90.0, "percent_branches_covered_display": "90"}, "missing_lines": [265, 266], "excluded_lines": [], "start_line": 235, "executed_branches": [[242, 243], [242, 246], [249, 250], [249, 256], [256, 257], [256, 264], [264, 272], [272, 273], [272, 279]], "missing_branches": [[264, 265]]}, "ORCALanguageServer._get_word_at_position": {"executed_lines": [283, 286, 287, 288, 290, 291, 292, 294], "summary": {"covered_lines": 8, "num_statements": 8, "percent_covered": 100.0, "percent_covered_display": "100", "missing_lines": 0, "excluded_lines": 0, "percent_statements_covered": 100.0, "percent_statements_covered_display": "100", "num_branches": 4, "num_partial_branches": 0, "covered_branches": 4, "missing_branches": 0, "percent_branches_covered": 100.0, "percent_branches_covered_display": "100"}, "missing_lines": [], "excluded_lines": [], "start_line": 281, "executed_branches": [[287, 288], [287, 290], [291, 292], [291, 294]], "missing_branches": []}, "ORCALanguageServer._validate_document": {"executed_lines": [298, 299, 302, 305, 307, 308, 318, 319, 330], "summary": {"covered_lines": 9, "num_statements": 9, "percent_covered": 100.0, "percent_covered_display": "100", "missing_lines": 0, "excluded_lines": 0, "percent_statements_covered": 100.0, "percent_statements_covered_display": "100", "num_branches": 4, "num_partial_branches": 0, "covered_branches": 4, "missing_branches": 0, "percent_branches_covered": 100.0, "percent_branches_covered_display": "100"}, "missing_lines": [], "excluded_lines": [], "start_line": 296, "executed_branches": [[307, 308], [307, 318], [318, 319], [318, 330]], "missing_branches": []}, "ORCALanguageServer._on_code_action": {"executed_lines": [334, 335, 338, 340, 341, 358, 360], "summary": {"covered_lines": 7, "num_statements": 7, "percent_covered": 100.0, "percent_covered_display": "100", "missing_lines": 0, "excluded_lines": 0, "percent_statements_covered": 100.0, "percent_statements_covered_display": "100", "num_branches": 4, "num_partial_branches": 0, "covered_branches": 4, "missing_branches": 0, "percent_branches_covered": 100.0, "percent_branches_covered_display": "100"}, "missing_lines": [], "excluded_lines": [], "start_line": 332, "executed_branches": [[338, 340], [338, 360], [340, 338], [340, 341]], "missing_branches": []}, "ORCALanguageServer._on_did_open": {"executed_lines": [364], "summary": {"covered_lines": 1, "num_statements": 1, "percent_covered": 100.0, "percent_covered_display": "100", "missing_lines": 0, "excluded_lines": 0, "percent_statements_covered": 100.0, "percent_statements_covered_display": "100", "num_branches": 0, "num_partial_branches": 0, "covered_branches": 0, "missing_branches": 0, "percent_branches_covered": 100.0, "percent_branches_covered_display": "100"}, "missing_lines": [], "excluded_lines": [], "start_line": 362, "executed_branches": [], "missing_branches": []}, "ORCALanguageServer._on_did_change": {"executed_lines": [368], "summary": {"covered_lines": 1, "num_statements": 1, "percent_covered": 100.0, "percent_covered_display": "100", "missing_lines": 0, "excluded_lines": 0, "percent_statements_covered": 100.0, "percent_statements_covered_display": "100", "num_branches": 0, "num_partial_branches": 0, "covered_branches": 0, "missing_branches": 0, "percent_branches_covered": 100.0, "percent_branches_covered_display": "100"}, "missing_lines": [], "excluded_lines": [], "start_line": 366, "executed_branches": [], "missing_branches": []}, "main": {"executed_lines": [373, 374], "summary": {"covered_lines": 2, "num_statements": 2, "percent_covered": 100.0, "percent_covered_display": "100", "missing_lines": 0, "excluded_lines": 0, "percent_statements_covered": 100.0, "percent_statements_covered_display": "100", "num_branches": 0, "num_partial_branches": 0, "covered_branches": 0, "missing_branches": 0, "percent_branches_covered": 100.0, "percent_branches_covered_display": "100"}, "missing_lines": [], "excluded_lines": [], "start_line": 371, "executed_branches": [], "missing_branches": []}, "": {"executed_lines": [3, 4, 6, 7, 29, 30, 40, 43, 48, 70, 83, 105, 128, 165, 189, 203, 217, 230, 235, 281, 296, 332, 362, 366, 371], "summary": {"covered_lines": 25, "num_statements": 25, "percent_covered": 100.0, "percent_covered_display": "100", "missing_lines": 0, "excluded_lines": 2, "percent_statements_covered": 100.0, "percent_statements_covered_display": "100", "num_branches": 0, "num_partial_branches": 0, "covered_branches": 0, "missing_branches": 0, "percent_branches_covered": 100.0, "percent_branches_covered_display": "100"}, "missing_lines": [], "excluded_lines": [377, 378], "start_line": 1, "executed_branches": [], "missing_branches": []}}, "classes": {"ORCALanguageServer": {"executed_lines": [44, 45, 46, 50, 51, 54, 55, 58, 59, 62, 63, 66, 67, 72, 73, 76, 78, 85, 87, 90, 91, 94, 95, 96, 97, 100, 101, 103, 107, 110, 111, 112, 113, 122, 123, 124, 126, 130, 132, 133, 134, 140, 141, 147, 148, 149, 155, 156, 157, 163, 167, 170, 171, 179, 180, 187, 191, 193, 194, 201, 205, 207, 208, 215, 219, 221, 222, 228, 233, 237, 238, 241, 242, 243, 246, 249, 250, 251, 256, 257, 258, 264, 272, 273, 274, 279, 283, 286, 287, 288, 290, 291, 292, 294, 298, 299, 302, 305, 307, 308, 318, 319, 330, 334, 335, 338, 340, 341, 358, 360, 364, 368], "summary": {"covered_lines": 112, "num_statements": 119, "percent_covered": 95.53072625698324, "percent_covered_display": "96", "missing_lines": 7, "excluded_lines": 0, "percent_statements_covered": 94.11764705882354, "percent_statements_covered_display": "94", "num_branches": 60, "num_partial_branches": 1, "covered_branches": 59, "missing_branches": 1, "percent_branches_covered": 98.33333333333333, "percent_branches_covered_display": "98"}, "missing_lines": [52, 56, 60, 64, 68, 265, 266], "excluded_lines": [], "start_line": 40, "executed_branches": [[90, 91], [90, 94], [94, 95], [94, 100], [100, 101], [100, 103], [111, 112], [111, 122], [112, 113], [112, 122], [122, 123], [122, 126], [123, 122], [123, 124], [132, 133], [132, 140], [133, 134], [133, 163], [140, 141], [140, 147], [147, 148], [147, 155], [148, 149], [148, 163], [155, 156], [155, 163], [156, 157], [156, 163], [170, 171], [170, 179], [179, 180], [179, 187], [193, 194], [193, 201], [207, 208], [207, 215], [221, 222], [221, 228], [242, 243], [242, 246], [249, 250], [249, 256], [256, 257], [256, 264], [264, 272], [272, 273], [272, 279], [287, 288], [287, 290], [291, 292], [291, 294], [307, 308], [307, 318], [318, 319], [318, 330], [338, 340], [338, 360], [340, 338], [340, 341]], "missing_branches": [[264, 265]]}, "": {"executed_lines": [3, 4, 6, 7, 29, 30, 40, 43, 48, 70, 83, 105, 128, 165, 189, 203, 217, 230, 235, 281, 296, 332, 362, 366, 371, 373, 374], "summary": {"covered_lines": 27, "num_statements": 27, "percent_covered": 100.0, "percent_covered_display": "100", "missing_lines": 0, "excluded_lines": 2, "percent_statements_covered": 100.0, "percent_statements_covered_display": "100", "num_branches": 0, "num_partial_branches": 0, "covered_branches": 0, "missing_branches": 0, "percent_branches_covered": 100.0, "percent_branches_covered_display": "100"}, "missing_lines": [], "excluded_lines": [377, 378], "start_line": 1, "executed_branches": [], "missing_branches": []}}}}, "totals": {"covered_lines": 372, "num_statements": 383, "percent_covered": 96.18874773139746, "percent_covered_display": "96", "missing_lines": 11, "excluded_lines": 2, "percent_statements_covered": 97.12793733681463, "percent_statements_covered_display": "97", "num_branches": 168, "num_partial_branches": 6, "covered_branches": 158, "missing_branches": 10, "percent_branches_covered": 94.04761904761905, "percent_branches_covered_display": "94"}}